[2019-06-10 02:06:41] local.ERROR: Command "migration" is not defined.

Did you mean one of these?
    make:migration
    migrate
    migrate:fresh
    migrate:install
    migrate:refresh
    migrate:reset
    migrate:rollback
    migrate:status {"exception":"[object] (Symfony\\Component\\Console\\Exception\\CommandNotFoundException(code: 0): Command \"migration\" is not defined.

Did you mean one of these?
    make:migration
    migrate
    migrate:fresh
    migrate:install
    migrate:refresh
    migrate:reset
    migrate:rollback
    migrate:status at C:\\Code\\Business\\PHP\\CST256_Project\\vendor\\symfony\\console\\Application.php:652)
[stacktrace]
#0 C:\\Code\\Business\\PHP\\CST256_Project\\vendor\\symfony\\console\\Application.php(237): Symfony\\Component\\Console\\Application->find('migration')
#1 C:\\Code\\Business\\PHP\\CST256_Project\\vendor\\symfony\\console\\Application.php(149): Symfony\\Component\\Console\\Application->doRun(Object(Symfony\\Component\\Console\\Input\\ArgvInput), Object(Symfony\\Component\\Console\\Output\\ConsoleOutput))
#2 C:\\Code\\Business\\PHP\\CST256_Project\\vendor\\laravel\\framework\\src\\Illuminate\\Console\\Application.php(90): Symfony\\Component\\Console\\Application->run(Object(Symfony\\Component\\Console\\Input\\ArgvInput), Object(Symfony\\Component\\Console\\Output\\ConsoleOutput))
#3 C:\\Code\\Business\\PHP\\CST256_Project\\vendor\\laravel\\framework\\src\\Illuminate\\Foundation\\Console\\Kernel.php(133): Illuminate\\Console\\Application->run(Object(Symfony\\Component\\Console\\Input\\ArgvInput), Object(Symfony\\Component\\Console\\Output\\ConsoleOutput))
#4 C:\\Code\\Business\\PHP\\CST256_Project\\artisan(37): Illuminate\\Foundation\\Console\\Kernel->handle(Object(Symfony\\Component\\Console\\Input\\ArgvInput), Object(Symfony\\Component\\Console\\Output\\ConsoleOutput))
#5 {main}
"} 
[2019-06-10 02:06:48] local.ERROR: SQLSTATE[42000]: Syntax error or access violation: 1075 Incorrect table definition; there can be only one auto column and it must be defined as a key (SQL: create table `portfolios` (`id` bigint unsigned not null auto_increment primary key, `userid` bigint unsigned not null auto_increment primary key, `skills` varchar(255) null, `employer_one_name` varchar(255) null, `employer_one_start` datetime null, `employer_one_end` datetime null, `employer_one_duties` text null, `employer_two_name` varchar(255) null, `employer_two_start` datetime null, `employer_two_end` datetime null, `employer_two_duties` text null, `employer_three_name` varchar(255) null, `employer_three_start` datetime null, `employer_three_end` datetime null, `employer_three_duties` text null, `employer_four_name` varchar(255) null, `employer_four_start` datetime null, `employer_four_end` datetime null, `employer_four_duties` text null, `employer_five_name` varchar(255) null, `employer_five_start` datetime null, `employer_five_end` datetime null, `mployer_five_duties` text null, `school_name` varchar(255) null, `school_start` datetime null, `school_end` datetime null, `degree` varchar(255) null, `created_at` timestamp null, `updated_at` timestamp null) default character set utf8mb4 collate 'utf8mb4_unicode_ci') {"exception":"[object] (Illuminate\\Database\\QueryException(code: 42000): SQLSTATE[42000]: Syntax error or access violation: 1075 Incorrect table definition; there can be only one auto column and it must be defined as a key (SQL: create table `portfolios` (`id` bigint unsigned not null auto_increment primary key, `userid` bigint unsigned not null auto_increment primary key, `skills` varchar(255) null, `employer_one_name` varchar(255) null, `employer_one_start` datetime null, `employer_one_end` datetime null, `employer_one_duties` text null, `employer_two_name` varchar(255) null, `employer_two_start` datetime null, `employer_two_end` datetime null, `employer_two_duties` text null, `employer_three_name` varchar(255) null, `employer_three_start` datetime null, `employer_three_end` datetime null, `employer_three_duties` text null, `employer_four_name` varchar(255) null, `employer_four_start` datetime null, `employer_four_end` datetime null, `employer_four_duties` text null, `employer_five_name` varchar(255) null, `employer_five_start` datetime null, `employer_five_end` datetime null, `mployer_five_duties` text null, `school_name` varchar(255) null, `school_start` datetime null, `school_end` datetime null, `degree` varchar(255) null, `created_at` timestamp null, `updated_at` timestamp null) default character set utf8mb4 collate 'utf8mb4_unicode_ci') at C:\\Code\\Business\\PHP\\CST256_Project\\vendor\\laravel\\framework\\src\\Illuminate\\Database\\Connection.php:664, PDOException(code: 42000): SQLSTATE[42000]: Syntax error or access violation: 1075 Incorrect table definition; there can be only one auto column and it must be defined as a key at C:\\Code\\Business\\PHP\\CST256_Project\\vendor\\laravel\\framework\\src\\Illuminate\\Database\\Connection.php:458)
[stacktrace]
#0 C:\\Code\\Business\\PHP\\CST256_Project\\vendor\\laravel\\framework\\src\\Illuminate\\Database\\Connection.php(624): Illuminate\\Database\\Connection->runQueryCallback('create table `p...', Array, Object(Closure))
#1 C:\\Code\\Business\\PHP\\CST256_Project\\vendor\\laravel\\framework\\src\\Illuminate\\Database\\Connection.php(459): Illuminate\\Database\\Connection->run('create table `p...', Array, Object(Closure))
#2 C:\\Code\\Business\\PHP\\CST256_Project\\vendor\\laravel\\framework\\src\\Illuminate\\Database\\Schema\\Blueprint.php(97): Illuminate\\Database\\Connection->statement('create table `p...')
#3 C:\\Code\\Business\\PHP\\CST256_Project\\vendor\\laravel\\framework\\src\\Illuminate\\Database\\Schema\\Builder.php(278): Illuminate\\Database\\Schema\\Blueprint->build(Object(Illuminate\\Database\\MySqlConnection), Object(Illuminate\\Database\\Schema\\Grammars\\MySqlGrammar))
#4 C:\\Code\\Business\\PHP\\CST256_Project\\vendor\\laravel\\framework\\src\\Illuminate\\Database\\Schema\\Builder.php(167): Illuminate\\Database\\Schema\\Builder->build(Object(Illuminate\\Database\\Schema\\Blueprint))
#5 C:\\Code\\Business\\PHP\\CST256_Project\\vendor\\laravel\\framework\\src\\Illuminate\\Support\\Facades\\Facade.php(237): Illuminate\\Database\\Schema\\Builder->create('portfolios', Object(Closure))
#6 C:\\Code\\Business\\PHP\\CST256_Project\\database\\migrations\\2019_06_10_015337_create_portfolios_table.php(62): Illuminate\\Support\\Facades\\Facade::__callStatic('create', Array)
#7 C:\\Code\\Business\\PHP\\CST256_Project\\vendor\\laravel\\framework\\src\\Illuminate\\Database\\Migrations\\Migrator.php(385): CreatePortfoliosTable->up()
#8 C:\\Code\\Business\\PHP\\CST256_Project\\vendor\\laravel\\framework\\src\\Illuminate\\Database\\Migrations\\Migrator.php(394): Illuminate\\Database\\Migrations\\Migrator->Illuminate\\Database\\Migrations\\{closure}()
#9 C:\\Code\\Business\\PHP\\CST256_Project\\vendor\\laravel\\framework\\src\\Illuminate\\Database\\Migrations\\Migrator.php(197): Illuminate\\Database\\Migrations\\Migrator->runMigration(Object(CreatePortfoliosTable), 'up')
#10 C:\\Code\\Business\\PHP\\CST256_Project\\vendor\\laravel\\framework\\src\\Illuminate\\Database\\Migrations\\Migrator.php(164): Illuminate\\Database\\Migrations\\Migrator->runUp('C:\\\\Code\\\\Busines...', 2, false)
#11 C:\\Code\\Business\\PHP\\CST256_Project\\vendor\\laravel\\framework\\src\\Illuminate\\Database\\Migrations\\Migrator.php(111): Illuminate\\Database\\Migrations\\Migrator->runPending(Array, Array)
#12 C:\\Code\\Business\\PHP\\CST256_Project\\vendor\\laravel\\framework\\src\\Illuminate\\Database\\Console\\Migrations\\MigrateCommand.php(71): Illuminate\\Database\\Migrations\\Migrator->run(Array, Array)
#13 [internal function]: Illuminate\\Database\\Console\\Migrations\\MigrateCommand->handle()
#14 C:\\Code\\Business\\PHP\\CST256_Project\\vendor\\laravel\\framework\\src\\Illuminate\\Container\\BoundMethod.php(32): call_user_func_array(Array, Array)
#15 C:\\Code\\Business\\PHP\\CST256_Project\\vendor\\laravel\\framework\\src\\Illuminate\\Container\\BoundMethod.php(90): Illuminate\\Container\\BoundMethod::Illuminate\\Container\\{closure}()
#16 C:\\Code\\Business\\PHP\\CST256_Project\\vendor\\laravel\\framework\\src\\Illuminate\\Container\\BoundMethod.php(34): Illuminate\\Container\\BoundMethod::callBoundMethod(Object(Illuminate\\Foundation\\Application), Array, Object(Closure))
#17 C:\\Code\\Business\\PHP\\CST256_Project\\vendor\\laravel\\framework\\src\\Illuminate\\Container\\Container.php(576): Illuminate\\Container\\BoundMethod::call(Object(Illuminate\\Foundation\\Application), Array, Array, NULL)
#18 C:\\Code\\Business\\PHP\\CST256_Project\\vendor\\laravel\\framework\\src\\Illuminate\\Console\\Command.php(183): Illuminate\\Container\\Container->call(Array)
#19 C:\\Code\\Business\\PHP\\CST256_Project\\vendor\\symfony\\console\\Command\\Command.php(255): Illuminate\\Console\\Command->execute(Object(Symfony\\Component\\Console\\Input\\ArgvInput), Object(Illuminate\\Console\\OutputStyle))
#20 C:\\Code\\Business\\PHP\\CST256_Project\\vendor\\laravel\\framework\\src\\Illuminate\\Console\\Command.php(170): Symfony\\Component\\Console\\Command\\Command->run(Object(Symfony\\Component\\Console\\Input\\ArgvInput), Object(Illuminate\\Console\\OutputStyle))
#21 C:\\Code\\Business\\PHP\\CST256_Project\\vendor\\symfony\\console\\Application.php(921): Illuminate\\Console\\Command->run(Object(Symfony\\Component\\Console\\Input\\ArgvInput), Object(Symfony\\Component\\Console\\Output\\ConsoleOutput))
#22 C:\\Code\\Business\\PHP\\CST256_Project\\vendor\\symfony\\console\\Application.php(273): Symfony\\Component\\Console\\Application->doRunCommand(Object(Illuminate\\Database\\Console\\Migrations\\MigrateCommand), Object(Symfony\\Component\\Console\\Input\\ArgvInput), Object(Symfony\\Component\\Console\\Output\\ConsoleOutput))
#23 C:\\Code\\Business\\PHP\\CST256_Project\\vendor\\symfony\\console\\Application.php(149): Symfony\\Component\\Console\\Application->doRun(Object(Symfony\\Component\\Console\\Input\\ArgvInput), Object(Symfony\\Component\\Console\\Output\\ConsoleOutput))
#24 C:\\Code\\Business\\PHP\\CST256_Project\\vendor\\laravel\\framework\\src\\Illuminate\\Console\\Application.php(90): Symfony\\Component\\Console\\Application->run(Object(Symfony\\Component\\Console\\Input\\ArgvInput), Object(Symfony\\Component\\Console\\Output\\ConsoleOutput))
#25 C:\\Code\\Business\\PHP\\CST256_Project\\vendor\\laravel\\framework\\src\\Illuminate\\Foundation\\Console\\Kernel.php(133): Illuminate\\Console\\Application->run(Object(Symfony\\Component\\Console\\Input\\ArgvInput), Object(Symfony\\Component\\Console\\Output\\ConsoleOutput))
#26 C:\\Code\\Business\\PHP\\CST256_Project\\artisan(37): Illuminate\\Foundation\\Console\\Kernel->handle(Object(Symfony\\Component\\Console\\Input\\ArgvInput), Object(Symfony\\Component\\Console\\Output\\ConsoleOutput))
#27 {main}
"} 
